<?xml version="1.0" encoding="UTF-8"?>
<!-- Generated by org.testng.reporters.JUnitReportReporter -->
<testsuite hostname="Mina" failures="0" tests="1" name="testCases.TC001" time="7.560" errors="0" timestamp="2025-03-08T22:44:02 EST" skipped="0">
  <testcase classname="testCases.TC001" name="tc001" time="7.560"/>
</testsuite> <!-- testCases.TC001 -->
