<?xml version="1.0" encoding="UTF-8"?>
<!-- Generated by org.testng.reporters.JUnitReportReporter -->
<testsuite hostname="Mina" failures="0" tests="1" name="testCases.TC003" time="9.225" errors="0" timestamp="2025-03-08T23:10:03 EST" skipped="0">
  <testcase classname="testCases.TC003" name="tc003" time="9.225"/>
</testsuite> <!-- testCases.TC003 -->
