<?xml version="1.0" encoding="UTF-8"?>
<!-- Generated by org.testng.reporters.JUnitReportReporter -->
<testsuite hostname="Mina" failures="0" tests="1" name="testCases.TC002" time="29.096" errors="0" timestamp="2025-03-08T22:54:06 EST" skipped="0">
  <testcase classname="testCases.TC002" name="tc002" time="29.096"/>
</testsuite> <!-- testCases.TC002 -->
